2020-08-07 00:49:35,295 :INFO : Test_001_login :*********Login Test Started***********
2020-08-07 00:49:35,295 :INFO : Test_001_login :********Verifying HomePage Title***********
2020-08-07 00:49:44,067 :INFO : Test_001_login :Login Test is failed
2020-08-07 01:05:54,002 :INFO : Test_001_login :*********Login Test Started***********
2020-08-07 01:05:54,002 :INFO : Test_001_login :********Verifying HomePage Title***********
2020-08-07 01:06:01,838 :INFO : Test_001_login :Login Test is failed
2020-08-07 01:09:33,131 :INFO : Test_001_login :*********Login Test Started***********
2020-08-07 01:09:33,131 :INFO : Test_001_login :********Verifying HomePage Title***********
2020-08-07 01:09:41,334 :INFO : Test_001_login :Login Test is failed
2020-08-07 01:14:26,021 :INFO : Test_001_login :*********Login Test Started***********
2020-08-07 01:14:26,023 :INFO : Test_001_login :********Verifying HomePage Title***********
2020-08-07 01:14:34,474 :INFO : Test_001_login :Login Test is passed
2020-08-07 01:17:11,988 :INFO : Test_001_login :*********Login Test Started***********
2020-08-07 01:17:11,988 :INFO : Test_001_login :********Verifying HomePage Title***********
2020-08-07 01:17:21,175 :INFO : Test_001_login :Login Test is passed
2020-08-07 01:50:37,032 :INFO : Test_001_login :*********Login Test Started***********
2020-08-07 01:50:37,032 :INFO : Test_001_login :********Verifying HomePage Title***********
2020-08-07 01:50:46,012 :INFO : Test_001_login :Login Test is passed
2020-08-07 01:57:28,087 :INFO : Test_001_login :*********Home Page Test Started***********
2020-08-07 01:57:28,087 :INFO : Test_001_login :********Verifying HomePage Title***********
2020-08-07 01:57:36,143 :INFO : Test_001_login :****Home Page Test is passed****
2020-08-07 01:57:39,498 :INFO : Test_001_login :*********Login Test Started***********
2020-08-07 01:57:39,498 :INFO : Test_001_login :********Verifying Logim Function***********
2020-08-07 01:57:54,601 :INFO : Test_001_login :****Login Function is Passed****
2020-08-07 02:29:57,830 :INFO : Test_001_login :*********Home Page Test Started***********
2020-08-07 02:29:57,830 :INFO : Test_001_login :********Verifying HomePage Title***********
2020-08-07 02:30:04,877 :INFO : Test_001_login :****Home Page Test is passed****
2020-08-07 02:30:08,214 :INFO : Test_001_login :*********Login Test Started***********
2020-08-07 02:30:08,214 :INFO : Test_001_login :********Verifying Logim Function***********
2020-08-07 02:30:23,065 :INFO : Test_001_login :****Login Function is Passed****
2020-08-07 02:31:11,972 :INFO : Test_001_login :*********Home Page Test Started***********
2020-08-07 02:31:11,973 :INFO : Test_001_login :********Verifying HomePage Title***********
2020-08-07 02:31:21,913 :INFO : Test_001_login :****Home Page Test is passed****
2020-08-07 02:31:30,274 :INFO : Test_001_login :*********Login Test Started***********
2020-08-07 02:31:30,275 :INFO : Test_001_login :********Verifying Logim Function***********
2020-08-07 02:31:50,303 :INFO : Test_001_login :****Login Function is Passed****
2020-08-07 02:36:00,659 :INFO : Test_001_login :*********Home Page Test Started***********
2020-08-07 02:36:00,660 :INFO : Test_001_login :********Verifying HomePage Title***********
2020-08-07 02:36:07,419 :INFO : Test_001_login :****Home Page Test is passed****
2020-08-07 02:36:10,751 :INFO : Test_001_login :*********Login Test Started***********
2020-08-07 02:36:10,752 :INFO : Test_001_login :********Verifying Logim Function***********
2020-08-07 02:36:30,499 :INFO : Test_001_login :****Login Function is Passed****
2020-08-07 02:41:00,356 :INFO : Test_001_login :*********Home Page Test Started***********
2020-08-07 02:41:00,357 :INFO : Test_001_login :********Verifying HomePage Title***********
2020-08-07 02:41:00,390 :INFO : Test_001_login :*********Login Test Started***********
2020-08-07 02:41:00,390 :INFO : Test_001_login :********Verifying Logim Function***********
2020-08-07 02:41:08,503 :INFO : Test_001_login :****Home Page Test is passed****
2020-08-07 02:41:18,245 :INFO : Test_001_login :****Login Function is Passed****
2020-08-07 02:49:41,054 :INFO : Test_001_login :*********Login Test Started***********
2020-08-07 02:49:41,055 :INFO : Test_001_login :********Verifying Logim Function***********
2020-08-07 02:49:41,070 :INFO : Test_001_login :*********Home Page Test Started***********
2020-08-07 02:49:41,070 :INFO : Test_001_login :********Verifying HomePage Title***********
2020-08-07 02:49:50,525 :INFO : Test_001_login :****Home Page Test is passed****
2020-08-07 02:49:59,092 :INFO : Test_001_login :****Login Function is Passed****
2020-08-07 23:17:52,008 :INFO : Test_001_login :*********Home Page Test Started***********
2020-08-07 23:17:52,024 :INFO : Test_001_login :********Verifying HomePage Title***********
2020-08-07 23:17:52,191 :INFO : Test_001_login :*********Login Test Started***********
2020-08-07 23:17:52,192 :INFO : Test_001_login :********Verifying Logim Function***********
2020-08-07 23:18:04,926 :INFO : Test_001_login :****Home Page Test is passed****
2020-08-07 23:18:08,846 :INFO : Test_001_login :****Login Function is Passed****
2020-08-08 00:35:01,395 :INFO : Test_001_login :*********Home Page Test Started***********
2020-08-08 00:35:01,395 :INFO : Test_001_login :********Verifying HomePage Title***********
2020-08-08 00:35:02,076 :INFO : Test_001_login :*********Login Test Started***********
2020-08-08 00:35:02,076 :INFO : Test_001_login :********Verifying Logim Function***********
2020-08-08 00:35:14,961 :INFO : Test_001_login :****Home Page Test is passed****
2020-08-08 00:35:17,449 :INFO : Test_001_login :****Login Function is Passed****
2020-08-08 00:36:11,230 :INFO : Test_002_loginDDT :*********Login Test Test_002 Started***********
2020-08-08 00:36:11,230 :INFO : Test_002_loginDDT :********Verifying Logim Function***********
2020-08-08 00:37:46,547 :INFO : Test_002_loginDDT :*********Login Test Test_002 Started***********
2020-08-08 00:37:46,547 :INFO : Test_002_loginDDT :********Verifying Logim Function***********
2020-08-08 00:39:57,483 :INFO : Test_002_loginDDT :*********Login Test Test_002 Started***********
2020-08-08 00:39:57,483 :INFO : Test_002_loginDDT :********Verifying Logim Function***********
2020-08-08 00:42:40,154 :INFO : Test_002_loginDDT :*********Login Test Test_002 Started***********
2020-08-08 00:42:40,154 :INFO : Test_002_loginDDT :********Verifying Logim Function***********
2020-08-08 00:45:22,803 :INFO : Test_002_loginDDT :*********Login Test Test_002 Started***********
2020-08-08 00:45:22,803 :INFO : Test_002_loginDDT :********Verifying Logim Function***********
2020-08-08 00:48:49,787 :INFO : Test_002_loginDDT :*********Login Test Test_002 Started***********
2020-08-08 00:48:49,787 :INFO : Test_002_loginDDT :********Verifying Logim Function***********
2020-08-08 00:52:17,233 :INFO : Test_002_loginDDT :*********Login Test Test_002 Started***********
2020-08-08 00:52:17,233 :INFO : Test_002_loginDDT :********Verifying Logim Function***********
2020-08-08 00:53:48,506 :INFO : Test_002_loginDDT :*********Login Test Test_002 Started***********
2020-08-08 00:53:48,506 :INFO : Test_002_loginDDT :********Verifying Logim Function***********
2020-08-08 01:26:03,125 :INFO : Test_002_loginDDT :*********Login Test Test_002 Started***********
2020-08-08 01:26:03,129 :INFO : Test_002_loginDDT :********Verifying Logim Function***********
2020-08-08 01:26:38,852 :INFO : Test_002_loginDDT :passed
2020-08-08 01:29:07,082 :INFO : Test_002_loginDDT :*********Login Test Test_002 Started***********
2020-08-08 01:29:07,082 :INFO : Test_002_loginDDT :********Verifying Logim Function***********
2020-08-08 01:29:27,906 :INFO : Test_002_loginDDT :passed
2020-08-08 01:29:36,679 :INFO : Test_002_loginDDT :pass
2020-08-08 01:29:44,473 :INFO : Test_002_loginDDT :pass
2020-08-08 01:39:07,161 :INFO : Test_001_login :*********Home Page Test Started***********
2020-08-08 01:39:07,161 :INFO : Test_001_login :********Verifying HomePage Title***********
2020-08-08 01:39:16,098 :INFO : Test_001_login :****Home Page Test is passed****
2020-08-08 01:39:19,413 :INFO : Test_001_login :*********Login Test Started***********
2020-08-08 01:39:19,413 :INFO : Test_001_login :********Verifying Logim Function***********
2020-08-08 01:39:34,888 :INFO : Test_001_login :****Login Function is Passed****
2020-08-08 01:40:12,417 :INFO : Test_002_loginDDT :*********Login Test Test_002 Started***********
2020-08-08 01:40:12,417 :INFO : Test_002_loginDDT :********Verifying Logim Function***********
2020-08-08 01:40:36,909 :INFO : Test_002_loginDDT :passed
2020-08-08 01:40:45,088 :INFO : Test_002_loginDDT :pass
2020-08-08 01:40:51,735 :INFO : Test_002_loginDDT :pass
2020-08-08 19:37:04,705 :INFO : Test_001_login :*********Home Page Test Started***********
2020-08-08 19:37:04,724 :INFO : Test_001_login :********Verifying HomePage Title***********
2020-08-08 19:37:15,174 :INFO : Test_001_login :****Home Page Test is passed****
2020-08-08 19:37:18,825 :INFO : Test_001_login :*********Login Test Started***********
2020-08-08 19:37:18,825 :INFO : Test_001_login :********Verifying Logim Function***********
2020-08-08 19:37:38,894 :INFO : Test_001_login :****Login Function is Passed****
2020-08-08 19:37:42,273 :INFO : Test_002_loginDDT :*********Login Test Test_002 Started***********
2020-08-08 19:37:42,273 :INFO : Test_002_loginDDT :********Verifying Logim Function***********
2020-08-08 19:38:06,616 :INFO : Test_002_loginDDT :passed
2020-08-08 19:38:15,000 :INFO : Test_002_loginDDT :pass
2020-08-08 19:38:21,767 :INFO : Test_002_loginDDT :pass
2020-08-08 19:38:28,316 :INFO : Test_002_loginDDT :pass
2020-09-08 13:54:45,863 :INFO : Test_001_login :*********Home Page Test Started***********
2020-09-08 13:54:45,884 :INFO : Test_001_login :********Verifying HomePage Title***********
2020-09-08 13:54:46,118 :INFO : Test_001_login :****Home Page Test is passed****
2020-09-08 13:54:58,207 :INFO : Test_001_login :*********Login Test Started***********
2020-09-08 13:54:58,207 :INFO : Test_001_login :********Verifying Logim Function***********
2020-09-08 13:55:05,309 :INFO : Test_001_login :****Login Function is Passed****
2020-09-08 13:56:27,387 :INFO : Test_002_loginDDT :*********Login Test Test_002 Started***********
2020-09-08 13:56:27,387 :INFO : Test_002_loginDDT :********Verifying Logim Function***********
2020-09-08 13:56:39,414 :INFO : Test_002_loginDDT :passed
2020-09-08 13:56:49,632 :INFO : Test_002_loginDDT :pass
2020-09-08 13:56:56,390 :INFO : Test_002_loginDDT :pass
2020-09-08 13:57:02,957 :INFO : Test_002_loginDDT :pass
2020-09-08 14:00:23,519 :INFO : Test_002_loginDDT :*********Login Test Test_002 Started***********
2020-09-08 14:00:23,519 :INFO : Test_002_loginDDT :********Verifying Logim Function***********
2020-09-08 14:00:38,250 :INFO : Test_002_loginDDT :passed
2020-09-08 14:00:48,304 :INFO : Test_002_loginDDT :pass
2020-09-08 14:00:54,954 :INFO : Test_002_loginDDT :pass
2020-09-08 14:01:01,143 :INFO : Test_002_loginDDT :pass
2020-09-08 14:02:47,998 :INFO : Test_002_loginDDT :*********Login Test Test_002 Started***********
2020-09-08 14:02:48,001 :INFO : Test_002_loginDDT :********Verifying Logim Function***********
2020-09-08 14:03:02,723 :INFO : Test_002_loginDDT :passed
2020-09-08 14:03:12,383 :INFO : Test_002_loginDDT :pass
2020-09-08 14:03:20,198 :INFO : Test_002_loginDDT :pass
2020-09-08 14:03:27,948 :INFO : Test_002_loginDDT :pass
2020-09-08 15:27:39,482 :INFO : Test_001_login :*********Home Page Test Started***********
2020-09-08 15:27:39,482 :INFO : Test_001_login :********Verifying HomePage Title***********
2020-09-08 15:27:52,756 :INFO : Test_001_login :*********Login Test Started***********
2020-09-08 15:27:52,756 :INFO : Test_001_login :********Verifying Logim Function***********
2020-09-08 15:28:00,281 :INFO : Test_001_login :****Login Function is Passed****
2020-09-08 15:28:38,170 :INFO : Test_001_login :*********Home Page Test Started***********
2020-09-08 15:28:38,170 :INFO : Test_001_login :********Verifying HomePage Title***********
2020-09-08 15:28:50,957 :INFO : Test_001_login :*********Login Test Started***********
2020-09-08 15:28:50,957 :INFO : Test_001_login :********Verifying Logim Function***********
2020-09-08 15:29:08,475 :INFO : Test_001_login :****Login Function is Passed****
2020-09-08 15:52:13,368 :INFO : Test_001_login :*********Home Page Test Started***********
2020-09-08 15:52:13,368 :INFO : Test_001_login :********Verifying HomePage Title***********
2020-09-08 15:52:25,478 :INFO : Test_001_login :*********Login Test Started***********
2020-09-08 15:52:25,478 :INFO : Test_001_login :********Verifying Logim Function***********
2020-09-08 15:52:35,436 :INFO : Test_001_login :****Login Function is Passed****
2020-09-11 14:10:59,638 :INFO : Test_002_loginDDT :*********Login Test Test_002 Started***********
2020-09-11 14:10:59,703 :INFO : Test_002_loginDDT :********Verifying Logim Function***********
2020-09-11 14:11:13,493 :INFO : Test_002_loginDDT :passed
2020-09-11 14:11:25,094 :INFO : Test_002_loginDDT :pass
2020-09-11 14:11:32,442 :INFO : Test_002_loginDDT :pass
2020-09-11 14:11:40,158 :INFO : Test_002_loginDDT :pass
2020-09-30 11:36:13,493 :INFO : Test_001_login :*********Home Page Test Started***********
2020-09-30 11:36:13,513 :INFO : Test_001_login :********Verifying HomePage Title***********
2020-09-30 11:36:13,927 :INFO : Test_001_login :****Home Page Test is failed****
2020-09-30 11:36:14,256 :INFO : Test_001_login :*********Login Test Started***********
2020-09-30 11:36:14,256 :INFO : Test_001_login :********Verifying Logim Function***********
2020-09-30 11:38:53,570 :INFO : Test_001_login :*********Home Page Test Started***********
2020-09-30 11:38:53,570 :INFO : Test_001_login :********Verifying HomePage Title***********
2020-09-30 11:38:53,935 :INFO : Test_001_login :****Home Page Test is failed****
2020-09-30 11:38:54,265 :INFO : Test_001_login :*********Login Test Started***********
2020-09-30 11:38:54,265 :INFO : Test_001_login :********Verifying Logim Function***********
2020-09-30 11:39:04,429 :INFO : Test_001_login :****Login Function is Passed****
2020-09-30 11:42:43,991 :INFO : Test_001_login :*********Home Page Test Started***********
2020-09-30 11:42:43,991 :INFO : Test_001_login :********Verifying HomePage Title***********
2020-09-30 11:42:44,001 :INFO : Test_001_login :****Home Page Test is passed****
2020-09-30 11:42:44,016 :INFO : Test_001_login :*********Login Test Started***********
2020-09-30 11:42:44,016 :INFO : Test_001_login :********Verifying Logim Function***********
2020-09-30 11:42:49,265 :INFO : Test_001_login :****Login Function is Passed****
2020-09-30 11:48:43,679 :INFO : Test_002_loginDDT :*********Login Test Test_002 Started***********
2020-09-30 11:48:43,679 :INFO : Test_002_loginDDT :********Verifying Logim Function***********
2020-09-30 11:48:52,703 :INFO : Test_002_loginDDT :passed
2020-09-30 11:49:00,920 :INFO : Test_002_loginDDT :pass
2020-09-30 11:49:08,200 :INFO : Test_002_loginDDT :pass
2020-09-30 11:49:14,476 :INFO : Test_002_loginDDT :pass
2020-09-30 11:50:37,763 :INFO : Test_002_loginDDT :*********Login Test Test_002 Started***********
2020-09-30 11:50:37,764 :INFO : Test_002_loginDDT :********Verifying Logim Function***********
2020-09-30 11:50:49,237 :INFO : Test_002_loginDDT :passed
2020-09-30 11:50:57,644 :INFO : Test_002_loginDDT :pass
2020-09-30 11:51:03,957 :INFO : Test_002_loginDDT :pass
2020-09-30 11:51:10,337 :INFO : Test_002_loginDDT :pass
